  [1m[35m (0.6ms)[0m  [1m[34mSELECT sqlite_version(*)[0m
  ↳ bin/rails:9
  [1m[35m (1.7ms)[0m  [1m[35mCREATE TABLE "schema_migrations" ("version" varchar NOT NULL PRIMARY KEY)[0m
  ↳ bin/rails:9
  [1m[35m (2.1ms)[0m  [1m[35mCREATE TABLE "ar_internal_metadata" ("key" varchar NOT NULL PRIMARY KEY, "value" varchar, "created_at" datetime NOT NULL, "updated_at" datetime NOT NULL)[0m
  ↳ bin/rails:9
  [1m[35m (0.1ms)[0m  [1m[34mSELECT "schema_migrations"."version" FROM "schema_migrations" ORDER BY "schema_migrations"."version" ASC[0m
  ↳ bin/rails:9
Migrating to AddUserTable (20190310103112)
  [1m[35m (0.5ms)[0m  [1m[34mSELECT "schema_migrations"."version" FROM "schema_migrations" ORDER BY "schema_migrations"."version" ASC[0m
  ↳ bin/rails:9
Migrating to AddUserTable (20190310103112)
  [1m[35m (0.1ms)[0m  [1m[36mbegin transaction[0m
  ↳ bin/rails:9
  [1m[35m (0.1ms)[0m  [1m[34mSELECT sqlite_version(*)[0m
  ↳ db/migrate/20190310103112_add_user_table.rb:3
  [1m[35m (0.4ms)[0m  [1m[35mCREATE TABLE "users" ("id" integer PRIMARY KEY AUTOINCREMENT NOT NULL, "firstname" varchar, "lastname" varchar, "email" varchar, "password" varchar, "created_at" datetime NOT NULL, "updated_at" datetime NOT NULL)[0m
  ↳ db/migrate/20190310103112_add_user_table.rb:3
  [1m[36mActiveRecord::SchemaMigration Create (0.5ms)[0m  [1m[32mINSERT INTO "schema_migrations" ("version") VALUES (?)[0m  [["version", "20190310103112"]]
  ↳ bin/rails:9
  [1m[35m (1.3ms)[0m  [1m[36mcommit transaction[0m
  ↳ bin/rails:9
  [1m[36mActiveRecord::InternalMetadata Load (0.5ms)[0m  [1m[34mSELECT  "ar_internal_metadata".* FROM "ar_internal_metadata" WHERE "ar_internal_metadata"."key" = ? LIMIT ?[0m  [["key", "environment"], ["LIMIT", 1]]
  ↳ bin/rails:9
  [1m[35m (0.0ms)[0m  [1m[36mbegin transaction[0m
  ↳ bin/rails:9
  [1m[36mActiveRecord::InternalMetadata Create (0.6ms)[0m  [1m[32mINSERT INTO "ar_internal_metadata" ("key", "value", "created_at", "updated_at") VALUES (?, ?, ?, ?)[0m  [["key", "environment"], ["value", "development"], ["created_at", "2019-03-10 10:39:18.961331"], ["updated_at", "2019-03-10 10:39:18.961331"]]
  ↳ bin/rails:9
  [1m[35m (0.7ms)[0m  [1m[36mcommit transaction[0m
  ↳ bin/rails:9
  [1m[35m (0.1ms)[0m  [1m[34mSELECT "schema_migrations"."version" FROM "schema_migrations" ORDER BY "schema_migrations"."version" ASC[0m
  ↳ bin/rails:9
  [1m[36mUser Load (0.5ms)[0m  [1m[34mSELECT  "users".* FROM "users" ORDER BY "users"."id" ASC LIMIT ?[0m  [["LIMIT", 1]]
  [1m[35m (0.1ms)[0m  [1m[36mbegin transaction[0m
  [1m[35m (0.1ms)[0m  [1m[31mrollback transaction[0m
  [1m[35m (0.1ms)[0m  [1m[36mbegin transaction[0m
  [1m[35m (0.1ms)[0m  [1m[31mrollback transaction[0m
  [1m[35m (0.3ms)[0m  [1m[36mbegin transaction[0m
  [1m[36mUser Create (0.9ms)[0m  [1m[32mINSERT INTO "users" ("firstname", "email", "password", "created_at", "updated_at") VALUES (?, ?, ?, ?, ?)[0m  [["firstname", "Fabio"], ["email", "fabio@globo.com"], ["password", "julian"], ["created_at", "2019-03-10 10:46:33.227977"], ["updated_at", "2019-03-10 10:46:33.227977"]]
  [1m[35m (1.6ms)[0m  [1m[36mcommit transaction[0m
  [1m[36mUser Load (0.5ms)[0m  [1m[34mSELECT  "users".* FROM "users" ORDER BY "users"."id" ASC LIMIT ?[0m  [["LIMIT", 1]]
  [1m[35m (0.2ms)[0m  [1m[34mSELECT "schema_migrations"."version" FROM "schema_migrations" ORDER BY "schema_migrations"."version" ASC[0m
  ↳ bin/rails:9
Migrating to AddPasswDigestToUser (20190310105208)
  [1m[35m (0.1ms)[0m  [1m[36mbegin transaction[0m
  ↳ bin/rails:9
  [1m[35m (0.4ms)[0m  [1m[34mSELECT sqlite_version(*)[0m
  ↳ db/migrate/20190310105208_add_passw_digest_to_user.rb:3
  [1m[35m (0.5ms)[0m  [1m[35mCREATE TEMPORARY TABLE "ausers" ("id" integer NOT NULL PRIMARY KEY, "firstname" varchar DEFAULT NULL, "lastname" varchar DEFAULT NULL, "email" varchar DEFAULT NULL, "password" varchar DEFAULT NULL, "created_at" datetime NOT NULL, "updated_at" datetime NOT NULL)[0m
  ↳ db/migrate/20190310105208_add_passw_digest_to_user.rb:3
  [1m[35m (0.6ms)[0m  [1m[32mINSERT INTO "ausers" ("id","firstname","lastname","email","password","created_at","updated_at")
                     SELECT "id","firstname","lastname","email","password","created_at","updated_at" FROM "users"[0m
  ↳ db/migrate/20190310105208_add_passw_digest_to_user.rb:3
  [1m[35m (0.4ms)[0m  [1m[35mDROP TABLE "users"[0m
  ↳ db/migrate/20190310105208_add_passw_digest_to_user.rb:3
  [1m[35m (0.1ms)[0m  [1m[35mCREATE TABLE "users" ("id" integer NOT NULL PRIMARY KEY, "firstname" varchar DEFAULT NULL, "lastname" varchar DEFAULT NULL, "email" varchar DEFAULT NULL, "password" password_digest DEFAULT NULL, "created_at" datetime NOT NULL, "updated_at" datetime NOT NULL)[0m
  ↳ db/migrate/20190310105208_add_passw_digest_to_user.rb:3
  [1m[35m (0.1ms)[0m  [1m[32mINSERT INTO "users" ("id","firstname","lastname","email","password","created_at","updated_at")
                     SELECT "id","firstname","lastname","email","password","created_at","updated_at" FROM "ausers"[0m
  ↳ db/migrate/20190310105208_add_passw_digest_to_user.rb:3
  [1m[35m (0.1ms)[0m  [1m[35mDROP TABLE "ausers"[0m
  ↳ db/migrate/20190310105208_add_passw_digest_to_user.rb:3
  [1m[36mActiveRecord::SchemaMigration Create (0.3ms)[0m  [1m[32mINSERT INTO "schema_migrations" ("version") VALUES (?)[0m  [["version", "20190310105208"]]
  ↳ bin/rails:9
  [1m[35m (1.0ms)[0m  [1m[36mcommit transaction[0m
  ↳ bin/rails:9
  [1m[36mActiveRecord::InternalMetadata Load (0.3ms)[0m  [1m[34mSELECT  "ar_internal_metadata".* FROM "ar_internal_metadata" WHERE "ar_internal_metadata"."key" = ? LIMIT ?[0m  [["key", "environment"], ["LIMIT", 1]]
  ↳ bin/rails:9
  [1m[35m (0.1ms)[0m  [1m[36mbegin transaction[0m
  ↳ bin/rails:9
  [1m[35m (0.0ms)[0m  [1m[36mcommit transaction[0m
  ↳ bin/rails:9
  [1m[35m (0.1ms)[0m  [1m[34mSELECT "schema_migrations"."version" FROM "schema_migrations" ORDER BY "schema_migrations"."version" ASC[0m
  ↳ bin/rails:9
  [1m[36mUser Load (0.1ms)[0m  [1m[34mSELECT  "users".* FROM "users" ORDER BY "users"."id" ASC LIMIT ?[0m  [["LIMIT", 1]]
  [1m[35m (0.1ms)[0m  [1m[34mSELECT "schema_migrations"."version" FROM "schema_migrations" ORDER BY "schema_migrations"."version" ASC[0m
  ↳ bin/rails:9
  [1m[36mActiveRecord::InternalMetadata Load (0.1ms)[0m  [1m[34mSELECT  "ar_internal_metadata".* FROM "ar_internal_metadata" WHERE "ar_internal_metadata"."key" = ? LIMIT ?[0m  [["key", "environment"], ["LIMIT", 1]]
  ↳ bin/rails:9
  [1m[35m (0.1ms)[0m  [1m[36mbegin transaction[0m
  ↳ bin/rails:9
  [1m[35m (0.1ms)[0m  [1m[36mcommit transaction[0m
  ↳ bin/rails:9
  [1m[35m (0.1ms)[0m  [1m[34mSELECT "schema_migrations"."version" FROM "schema_migrations" ORDER BY "schema_migrations"."version" ASC[0m
  ↳ bin/rails:9
  [1m[36mUser Load (0.1ms)[0m  [1m[34mSELECT  "users".* FROM "users" ORDER BY "users"."id" DESC LIMIT ?[0m  [["LIMIT", 1]]
  [1m[35m (0.1ms)[0m  [1m[34mSELECT "schema_migrations"."version" FROM "schema_migrations" ORDER BY "schema_migrations"."version" ASC[0m
  ↳ bin/rails:9
  [1m[35m (0.1ms)[0m  [1m[34mSELECT "schema_migrations"."version" FROM "schema_migrations" ORDER BY "schema_migrations"."version" ASC[0m
  ↳ bin/rails:9
  [1m[35m (0.0ms)[0m  [1m[34mSELECT "schema_migrations"."version" FROM "schema_migrations" ORDER BY "schema_migrations"."version" ASC[0m
  ↳ bin/rails:9
  [1m[35m (0.1ms)[0m  [1m[34mSELECT "schema_migrations"."version" FROM "schema_migrations" ORDER BY "schema_migrations"."version" ASC[0m
  ↳ bin/rails:9
Migrating to AddPasswDigestToUser (20190310105208)
  [1m[35m (0.1ms)[0m  [1m[36mbegin transaction[0m
  ↳ bin/rails:9
  [1m[35m (0.1ms)[0m  [1m[31mrollback transaction[0m
  ↳ bin/rails:9
  [1m[36mUser Load (0.2ms)[0m  [1m[34mSELECT  "users".* FROM "users" ORDER BY "users"."id" DESC LIMIT ?[0m  [["LIMIT", 1]]
  [1m[35m (0.4ms)[0m  [1m[34mSELECT "schema_migrations"."version" FROM "schema_migrations" ORDER BY "schema_migrations"."version" ASC[0m
  ↳ bin/rails:9
Migrating to RenameColumnTakeTwo (20190310105640)
  [1m[35m (0.1ms)[0m  [1m[36mbegin transaction[0m
  ↳ bin/rails:9
  [1m[35m (0.1ms)[0m  [1m[34mSELECT sqlite_version(*)[0m
  ↳ db/migrate/20190310105640_rename_column_take_two.rb:3
  [1m[35m (0.3ms)[0m  [1m[35mCREATE TEMPORARY TABLE "ausers" ("id" integer NOT NULL PRIMARY KEY, "firstname" varchar DEFAULT NULL, "lastname" varchar DEFAULT NULL, "email" varchar DEFAULT NULL, "password_digest"  DEFAULT NULL, "created_at" datetime NOT NULL, "updated_at" datetime NOT NULL)[0m
  ↳ db/migrate/20190310105640_rename_column_take_two.rb:3
  [1m[35m (0.1ms)[0m  [1m[32mINSERT INTO "ausers" ("id","firstname","lastname","email","password_digest","created_at","updated_at")
                     SELECT "id","firstname","lastname","email","password","created_at","updated_at" FROM "users"[0m
  ↳ db/migrate/20190310105640_rename_column_take_two.rb:3
  [1m[35m (0.3ms)[0m  [1m[35mDROP TABLE "users"[0m
  ↳ db/migrate/20190310105640_rename_column_take_two.rb:3
  [1m[35m (0.7ms)[0m  [1m[35mCREATE TABLE "users" ("id" integer NOT NULL PRIMARY KEY, "firstname" varchar DEFAULT NULL, "lastname" varchar DEFAULT NULL, "email" varchar DEFAULT NULL, "password_digest"  DEFAULT NULL, "created_at" datetime NOT NULL, "updated_at" datetime NOT NULL)[0m
  ↳ db/migrate/20190310105640_rename_column_take_two.rb:3
  [1m[35m (0.1ms)[0m  [1m[32mINSERT INTO "users" ("id","firstname","lastname","email","password_digest","created_at","updated_at")
                     SELECT "id","firstname","lastname","email","password_digest","created_at","updated_at" FROM "ausers"[0m
  ↳ db/migrate/20190310105640_rename_column_take_two.rb:3
  [1m[35m (0.2ms)[0m  [1m[35mDROP TABLE "ausers"[0m
  ↳ db/migrate/20190310105640_rename_column_take_two.rb:3
  [1m[36mActiveRecord::SchemaMigration Create (0.2ms)[0m  [1m[32mINSERT INTO "schema_migrations" ("version") VALUES (?)[0m  [["version", "20190310105640"]]
  ↳ bin/rails:9
  [1m[35m (0.7ms)[0m  [1m[36mcommit transaction[0m
  ↳ bin/rails:9
  [1m[36mActiveRecord::InternalMetadata Load (0.3ms)[0m  [1m[34mSELECT  "ar_internal_metadata".* FROM "ar_internal_metadata" WHERE "ar_internal_metadata"."key" = ? LIMIT ?[0m  [["key", "environment"], ["LIMIT", 1]]
  ↳ bin/rails:9
  [1m[35m (0.1ms)[0m  [1m[36mbegin transaction[0m
  ↳ bin/rails:9
  [1m[35m (0.0ms)[0m  [1m[36mcommit transaction[0m
  ↳ bin/rails:9
  [1m[35m (0.1ms)[0m  [1m[34mSELECT "schema_migrations"."version" FROM "schema_migrations" ORDER BY "schema_migrations"."version" ASC[0m
  ↳ bin/rails:9
  [1m[36mUser Load (0.1ms)[0m  [1m[34mSELECT  "users".* FROM "users" ORDER BY "users"."id" ASC LIMIT ?[0m  [["LIMIT", 1]]
  [1m[35m (0.2ms)[0m  [1m[36mbegin transaction[0m
  [1m[36mUser Update (0.4ms)[0m  [1m[33mUPDATE "users" SET "password_digest" = ?, "updated_at" = ? WHERE "users"."id" = ?[0m  [["password_digest", "$2a$10$Y4G6ydd4OqBa2A56g3Gwx.BCeUYw0dbfjoTBBhioLHUVpE3JAJfw."], ["updated_at", "2019-03-10 10:57:18.765440"], ["id", 1]]
  [1m[35m (0.7ms)[0m  [1m[36mcommit transaction[0m
Started GET "/" for 127.0.0.1 at 2019-03-10 22:01:32 +1100
  [1m[35m (0.5ms)[0m  [1m[34mSELECT "schema_migrations"."version" FROM "schema_migrations" ORDER BY "schema_migrations"."version" ASC[0m
  ↳ /Users/lena/.rvm/gems/ruby-2.5.3/gems/activerecord-5.2.2/lib/active_record/log_subscriber.rb:98
Processing by Rails::WelcomeController#index as HTML
  Rendering /Users/lena/.rvm/gems/ruby-2.5.3/gems/railties-5.2.2/lib/rails/templates/rails/welcome/index.html.erb
  Rendered /Users/lena/.rvm/gems/ruby-2.5.3/gems/railties-5.2.2/lib/rails/templates/rails/welcome/index.html.erb (7.4ms)
Completed 200 OK in 46ms (Views: 33.4ms | ActiveRecord: 0.0ms)


Started GET "/" for 127.0.0.1 at 2019-03-10 22:08:31 +1100
  [1m[35m (0.5ms)[0m  [1m[34mSELECT "schema_migrations"."version" FROM "schema_migrations" ORDER BY "schema_migrations"."version" ASC[0m
  ↳ /Users/lena/.rvm/gems/ruby-2.5.3/gems/activerecord-5.2.2/lib/active_record/log_subscriber.rb:98
Processing by HomeController#index as HTML
  Rendering home/index.html.erb
  Rendered home/index.html.erb (1.0ms)
Completed 200 OK in 14ms (Views: 7.7ms | ActiveRecord: 0.0ms)


Started GET "/sign_up" for 127.0.0.1 at 2019-03-10 22:10:38 +1100
Processing by HomeController#sign_up as HTML
  Rendering home/sign_up.html.erb
  Rendered home/sign_up.html.erb (0.3ms)
Completed 200 OK in 12ms (Views: 8.9ms | ActiveRecord: 0.0ms)


Started GET "/users/sign_up" for 127.0.0.1 at 2019-03-10 22:25:24 +1100
Processing by UsersController#sign_up as HTML
  Rendering users/sign_up.html.erb
  Rendered users/sign_up.html.erb (1.1ms)
Completed 200 OK in 10ms (Views: 7.0ms | ActiveRecord: 0.0ms)


Started GET "/users/sign_up" for 127.0.0.1 at 2019-03-10 22:29:24 +1100
Processing by UsersController#sign_up as HTML
  Rendering users/sign_up.html.erb
  Rendered users/sign_up.html.erb (0.7ms)
Completed 200 OK in 8ms (Views: 4.7ms | ActiveRecord: 0.0ms)


Started POST "/users/sign_up" for 127.0.0.1 at 2019-03-10 22:29:45 +1100
Processing by UsersController#create as HTML
  Parameters: {"utf8"=>"✓", "authenticity_token"=>"njNBKHYZzOmxG0Ma/xgSHVhB+CDtfM0GHaLg/ZB6RwL646ysRMNKrn9C8xkXFvOnYAdsMf5fPlEh0bULa6x56A==", "firstname"=>"hoho", "lastname"=>"sandra", "email"=>"dt@ga.co", "password"=>"[FILTERED]"}
  [1m[35m (0.1ms)[0m  [1m[36mbegin transaction[0m
  ↳ app/controllers/users_controller.rb:11
  [1m[36mUser Create (0.8ms)[0m  [1m[32mINSERT INTO "users" ("firstname", "lastname", "email", "password_digest", "created_at", "updated_at") VALUES (?, ?, ?, ?, ?, ?)[0m  [["firstname", "hoho"], ["lastname", "sandra"], ["email", "dt@ga.co"], ["password_digest", "$2a$10$aRnmrBJNSvwmCgTLaAcAdeKTPWiQV1fK6FnJ2X6X4qcTFERHk98ea"], ["created_at", "2019-03-10 11:29:45.646640"], ["updated_at", "2019-03-10 11:29:45.646640"]]
  ↳ app/controllers/users_controller.rb:11
  [1m[35m (1.3ms)[0m  [1m[36mcommit transaction[0m
  ↳ app/controllers/users_controller.rb:11
Redirected to http://localhost:3000/
Completed 302 Found in 79ms (ActiveRecord: 3.3ms)


Started GET "/" for 127.0.0.1 at 2019-03-10 22:29:45 +1100
Processing by HomeController#index as HTML
  Rendering home/index.html.erb
  Rendered home/index.html.erb (0.3ms)
Completed 200 OK in 6ms (Views: 4.2ms | ActiveRecord: 0.0ms)


  [1m[36mUser Load (0.1ms)[0m  [1m[34mSELECT  "users".* FROM "users" ORDER BY "users"."id" ASC LIMIT ?[0m  [["LIMIT", 1]]
  [1m[35m (0.3ms)[0m  [1m[34mSELECT COUNT(*) FROM "users"[0m
  [1m[36mUser Load (0.4ms)[0m  [1m[34mSELECT  "users".* FROM "users" ORDER BY "users"."id" DESC LIMIT ?[0m  [["LIMIT", 1]]
Started GET "/login" for 127.0.0.1 at 2019-03-10 22:33:08 +1100
  
ActionController::RoutingError (No route matches [GET] "/login"):
  
actionpack (5.2.2) lib/action_dispatch/middleware/debug_exceptions.rb:65:in `call'
web-console (3.7.0) lib/web_console/middleware.rb:135:in `call_app'
web-console (3.7.0) lib/web_console/middleware.rb:30:in `block in call'
web-console (3.7.0) lib/web_console/middleware.rb:20:in `catch'
web-console (3.7.0) lib/web_console/middleware.rb:20:in `call'
actionpack (5.2.2) lib/action_dispatch/middleware/show_exceptions.rb:33:in `call'
railties (5.2.2) lib/rails/rack/logger.rb:38:in `call_app'
railties (5.2.2) lib/rails/rack/logger.rb:26:in `block in call'
activesupport (5.2.2) lib/active_support/tagged_logging.rb:71:in `block in tagged'
activesupport (5.2.2) lib/active_support/tagged_logging.rb:28:in `tagged'
activesupport (5.2.2) lib/active_support/tagged_logging.rb:71:in `tagged'
railties (5.2.2) lib/rails/rack/logger.rb:26:in `call'
sprockets-rails (3.2.1) lib/sprockets/rails/quiet_assets.rb:13:in `call'
actionpack (5.2.2) lib/action_dispatch/middleware/remote_ip.rb:81:in `call'
actionpack (5.2.2) lib/action_dispatch/middleware/request_id.rb:27:in `call'
rack (2.0.6) lib/rack/method_override.rb:22:in `call'
rack (2.0.6) lib/rack/runtime.rb:22:in `call'
activesupport (5.2.2) lib/active_support/cache/strategy/local_cache_middleware.rb:29:in `call'
actionpack (5.2.2) lib/action_dispatch/middleware/executor.rb:14:in `call'
actionpack (5.2.2) lib/action_dispatch/middleware/static.rb:127:in `call'
rack (2.0.6) lib/rack/sendfile.rb:111:in `call'
railties (5.2.2) lib/rails/engine.rb:524:in `call'
puma (3.12.0) lib/puma/configuration.rb:225:in `call'
puma (3.12.0) lib/puma/server.rb:658:in `handle_request'
puma (3.12.0) lib/puma/server.rb:472:in `process_client'
puma (3.12.0) lib/puma/server.rb:332:in `block in run'
puma (3.12.0) lib/puma/thread_pool.rb:133:in `block in spawn_thread'
Started GET "/login" for 127.0.0.1 at 2019-03-10 22:33:51 +1100
  
ActionController::RoutingError (No route matches [GET] "/login"):
  
actionpack (5.2.2) lib/action_dispatch/middleware/debug_exceptions.rb:65:in `call'
web-console (3.7.0) lib/web_console/middleware.rb:135:in `call_app'
web-console (3.7.0) lib/web_console/middleware.rb:30:in `block in call'
web-console (3.7.0) lib/web_console/middleware.rb:20:in `catch'
web-console (3.7.0) lib/web_console/middleware.rb:20:in `call'
actionpack (5.2.2) lib/action_dispatch/middleware/show_exceptions.rb:33:in `call'
railties (5.2.2) lib/rails/rack/logger.rb:38:in `call_app'
railties (5.2.2) lib/rails/rack/logger.rb:26:in `block in call'
activesupport (5.2.2) lib/active_support/tagged_logging.rb:71:in `block in tagged'
activesupport (5.2.2) lib/active_support/tagged_logging.rb:28:in `tagged'
activesupport (5.2.2) lib/active_support/tagged_logging.rb:71:in `tagged'
railties (5.2.2) lib/rails/rack/logger.rb:26:in `call'
sprockets-rails (3.2.1) lib/sprockets/rails/quiet_assets.rb:13:in `call'
actionpack (5.2.2) lib/action_dispatch/middleware/remote_ip.rb:81:in `call'
actionpack (5.2.2) lib/action_dispatch/middleware/request_id.rb:27:in `call'
rack (2.0.6) lib/rack/method_override.rb:22:in `call'
rack (2.0.6) lib/rack/runtime.rb:22:in `call'
activesupport (5.2.2) lib/active_support/cache/strategy/local_cache_middleware.rb:29:in `call'
actionpack (5.2.2) lib/action_dispatch/middleware/executor.rb:14:in `call'
actionpack (5.2.2) lib/action_dispatch/middleware/static.rb:127:in `call'
rack (2.0.6) lib/rack/sendfile.rb:111:in `call'
railties (5.2.2) lib/rails/engine.rb:524:in `call'
puma (3.12.0) lib/puma/configuration.rb:225:in `call'
puma (3.12.0) lib/puma/server.rb:658:in `handle_request'
puma (3.12.0) lib/puma/server.rb:472:in `process_client'
puma (3.12.0) lib/puma/server.rb:332:in `block in run'
puma (3.12.0) lib/puma/thread_pool.rb:133:in `block in spawn_thread'
Started GET "/users/login" for 127.0.0.1 at 2019-03-10 22:34:33 +1100
Processing by UsersController#login as HTML
  Rendering users/login.html.erb
  Rendered users/login.html.erb (0.7ms)
Completed 500 Internal Server Error in 12ms (ActiveRecord: 0.0ms)


  
SyntaxError (/Users/lena/twitter_rails/app/views/users/login.html.erb:15: syntax error, unexpected keyword_ensure, expecting end-of-input
          ensure
          ^~~~~~):
  
app/views/users/login.html.erb:15: syntax error, unexpected keyword_ensure, expecting end-of-input
Started GET "/users/login" for 127.0.0.1 at 2019-03-10 22:35:02 +1100
Processing by UsersController#login as HTML
  Rendering users/login.html.erb
  Rendered users/login.html.erb (1.2ms)
Completed 200 OK in 8ms (Views: 6.6ms | ActiveRecord: 0.0ms)


Started GET "/users/login" for 127.0.0.1 at 2019-03-10 22:42:45 +1100
Processing by UsersController#login as HTML
  Rendering users/login.html.erb
  Rendered users/login.html.erb (0.7ms)
Completed 200 OK in 8ms (Views: 5.7ms | ActiveRecord: 0.0ms)


Started GET "/users/login" for 127.0.0.1 at 2019-03-10 22:43:17 +1100
Processing by UsersController#login as HTML
  Rendering users/login.html.erb
  Rendered users/login.html.erb (1.9ms)
Completed 200 OK in 13ms (Views: 9.4ms | ActiveRecord: 0.0ms)


Started POST "/users/login" for 127.0.0.1 at 2019-03-10 22:44:44 +1100
Processing by UsersController#sign_in as HTML
  Parameters: {"utf8"=>"✓", "authenticity_token"=>"FTubvi4KK8h2kaFxDFJy/Qn2P7Y+GCcVlBpJfLKx4r93vfJMcYFo+B9l+6ZPTWQk/7YqFmFaOHyMmrl5Y4hL3A=="}
  [1m[36mUser Load (0.4ms)[0m  [1m[34mSELECT  "users".* FROM "users" WHERE "users"."email" IS NULL LIMIT ?[0m  [["LIMIT", 1]]
  ↳ app/controllers/users_controller.rb:20
  Rendering users/login.html.erb
  Rendered users/login.html.erb (0.6ms)
Completed 200 OK in 29ms (Views: 5.9ms | ActiveRecord: 0.7ms)


Started POST "/users/login" for 127.0.0.1 at 2019-03-10 22:44:55 +1100
Processing by UsersController#sign_in as HTML
  Parameters: {"utf8"=>"✓", "authenticity_token"=>"LP6TKpneXK02x+Y62qbmLyMMAwLccGm0z1Nl4tRW+ANOePrYxlUfnV8zvO2ZufD21UwWooMydt3X05XnBW9RYA=="}
  [1m[36mUser Load (0.2ms)[0m  [1m[34mSELECT  "users".* FROM "users" WHERE "users"."email" IS NULL LIMIT ?[0m  [["LIMIT", 1]]
  ↳ app/controllers/users_controller.rb:20
  Rendering users/login.html.erb
  Rendered users/login.html.erb (1.0ms)
Completed 200 OK in 10ms (Views: 7.9ms | ActiveRecord: 0.2ms)


Started POST "/users/login" for 127.0.0.1 at 2019-03-10 22:45:09 +1100
Processing by UsersController#sign_in as HTML
  Parameters: {"utf8"=>"✓", "authenticity_token"=>"lFhPDJUzygAfA7nZ/RcCZK/3/Qgm2NCtZus6s5mP8L723ib+yriJMHb34w6+CBS9WbfoqHmaz8R+a8q2SLZZ3Q=="}
  [1m[36mUser Load (0.2ms)[0m  [1m[34mSELECT  "users".* FROM "users" WHERE "users"."email" IS NULL LIMIT ?[0m  [["LIMIT", 1]]
  ↳ app/controllers/users_controller.rb:20
  Rendering users/login.html.erb
  Rendered users/login.html.erb (1.3ms)
Completed 200 OK in 9ms (Views: 7.5ms | ActiveRecord: 0.2ms)


  [1m[36mUser Load (0.1ms)[0m  [1m[34mSELECT  "users".* FROM "users" ORDER BY "users"."id" ASC LIMIT ?[0m  [["LIMIT", 1]]
  [1m[36mUser Load (0.3ms)[0m  [1m[34mSELECT  "users".* FROM "users" ORDER BY "users"."id" DESC LIMIT ?[0m  [["LIMIT", 1]]
Started POST "/users/login" for 127.0.0.1 at 2019-03-10 22:47:03 +1100
Processing by UsersController#sign_in as HTML
  Parameters: {"utf8"=>"✓", "authenticity_token"=>"Yyictn9IUt2zviufn6nL2owTsJxIUILOeZ1UrljDu6ABrvVEIMMR7dpKcUjctt0DelOlPBcSnadhHaSrifoSww=="}
  [1m[36mUser Load (1.9ms)[0m  [1m[34mSELECT  "users".* FROM "users" WHERE "users"."email" IS NULL LIMIT ?[0m  [["LIMIT", 1]]
  ↳ app/controllers/users_controller.rb:20
  Rendering users/login.html.erb
  Rendered users/login.html.erb (0.8ms)
Completed 200 OK in 15ms (Views: 9.7ms | ActiveRecord: 1.9ms)


Started GET "/users/sign_up" for 127.0.0.1 at 2019-03-10 22:47:10 +1100
Processing by UsersController#sign_up as HTML
  Rendering users/sign_up.html.erb
  Rendered users/sign_up.html.erb (1.8ms)
Completed 200 OK in 16ms (Views: 9.7ms | ActiveRecord: 0.0ms)


Started POST "/users/sign_up" for 127.0.0.1 at 2019-03-10 22:47:29 +1100
Processing by UsersController#create as HTML
  Parameters: {"utf8"=>"✓", "authenticity_token"=>"ik5tY7TX+R75CNfIwn7GNgyObJAlyTS4q9WWI7dpAoLunoDnhg1/WTdRZ8sqcCeMNMj4gTbqx++XpsPVTL88aA==", "firstname"=>"hello", "lastname"=>"hi", "email"=>"hello@ga.co", "password"=>"[FILTERED]"}
  [1m[35m (0.1ms)[0m  [1m[36mbegin transaction[0m
  ↳ app/controllers/users_controller.rb:12
  [1m[36mUser Create (0.3ms)[0m  [1m[32mINSERT INTO "users" ("firstname", "lastname", "email", "password_digest", "created_at", "updated_at") VALUES (?, ?, ?, ?, ?, ?)[0m  [["firstname", "hello"], ["lastname", "hi"], ["email", "hello@ga.co"], ["password_digest", "$2a$10$QO0bFiMnNvYamBNV4D6oYOFLsU5l8uMP8WjhruC1aFz680Ia95t4."], ["created_at", "2019-03-10 11:47:29.769974"], ["updated_at", "2019-03-10 11:47:29.769974"]]
  ↳ app/controllers/users_controller.rb:12
  [1m[35m (2.1ms)[0m  [1m[36mcommit transaction[0m
  ↳ app/controllers/users_controller.rb:12
Redirected to http://localhost:3000/
Completed 302 Found in 96ms (ActiveRecord: 3.5ms)


Started GET "/" for 127.0.0.1 at 2019-03-10 22:47:29 +1100
Processing by HomeController#index as HTML
  Rendering home/index.html.erb
  Rendered home/index.html.erb (0.3ms)
Completed 200 OK in 7ms (Views: 4.5ms | ActiveRecord: 0.0ms)


Started GET "/users/login" for 127.0.0.1 at 2019-03-10 22:47:37 +1100
Processing by UsersController#login as HTML
  Rendering users/login.html.erb
  Rendered users/login.html.erb (0.7ms)
Completed 200 OK in 14ms (Views: 9.3ms | ActiveRecord: 0.0ms)


Started POST "/users/login" for 127.0.0.1 at 2019-03-10 22:47:52 +1100
Processing by UsersController#sign_in as HTML
  Parameters: {"utf8"=>"✓", "authenticity_token"=>"Xd+TSNbiwB9HdWJ4A0KZy0wDnUIrC4TNVkZN6b8GANE/Wfq6iWmDLy6BOK9AXY8SukOI4nRJm6ROxr3sbj+psg=="}
  [1m[36mUser Load (0.4ms)[0m  [1m[34mSELECT  "users".* FROM "users" WHERE "users"."email" IS NULL LIMIT ?[0m  [["LIMIT", 1]]
  ↳ app/controllers/users_controller.rb:20
  Rendering users/login.html.erb
  Rendered users/login.html.erb (0.9ms)
Completed 200 OK in 10ms (Views: 7.5ms | ActiveRecord: 0.4ms)


Started POST "/users/login" for 127.0.0.1 at 2019-03-10 22:49:48 +1100
Processing by UsersController#sign_in as HTML
  Parameters: {"utf8"=>"✓", "authenticity_token"=>"Xd+TSNbiwB9HdWJ4A0KZy0wDnUIrC4TNVkZN6b8GANE/Wfq6iWmDLy6BOK9AXY8SukOI4nRJm6ROxr3sbj+psg=="}
  [1m[36mUser Load (0.2ms)[0m  [1m[34mSELECT  "users".* FROM "users" WHERE "users"."email" IS NULL LIMIT ?[0m  [["LIMIT", 1]]
  ↳ app/controllers/users_controller.rb:20
No template found for UsersController#sign_in, rendering head :no_content
Completed 204 No Content in 69ms (ActiveRecord: 0.6ms)


Started POST "/users/login" for 127.0.0.1 at 2019-03-10 22:50:03 +1100
Processing by UsersController#sign_in as HTML
  Parameters: {"utf8"=>"✓", "authenticity_token"=>"V7l/QK3kiIfFiIN3Zq/xFg3Dfjk2oE3LY1HZdqpijP41Pxay8m/Lt6x82aAlsOfP+4NrmWniUqJ70Slze1slnQ=="}
  [1m[36mUser Load (0.2ms)[0m  [1m[34mSELECT  "users".* FROM "users" WHERE "users"."email" IS NULL LIMIT ?[0m  [["LIMIT", 1]]
  ↳ app/controllers/users_controller.rb:20
No template found for UsersController#sign_in, rendering head :no_content
Completed 204 No Content in 81ms (ActiveRecord: 0.2ms)


  [1m[36mUser Load (0.3ms)[0m  [1m[34mSELECT  "users".* FROM "users" ORDER BY "users"."id" DESC LIMIT ?[0m  [["LIMIT", 1]]
Started POST "/users/login" for 127.0.0.1 at 2019-03-10 23:02:51 +1100
Processing by UsersController#sign_in as HTML
  Parameters: {"utf8"=>"✓", "authenticity_token"=>"V7l/QK3kiIfFiIN3Zq/xFg3Dfjk2oE3LY1HZdqpijP41Pxay8m/Lt6x82aAlsOfP+4NrmWniUqJ70Slze1slnQ=="}
  [1m[36mUser Load (0.7ms)[0m  [1m[34mSELECT  "users".* FROM "users" WHERE "users"."email" IS NULL LIMIT ?[0m  [["LIMIT", 1]]
  ↳ app/controllers/users_controller.rb:20
No template found for UsersController#sign_in, rendering head :no_content
Completed 204 No Content in 69ms (ActiveRecord: 1.4ms)


Started POST "/users/login" for 127.0.0.1 at 2019-03-10 23:02:55 +1100
Processing by UsersController#sign_in as HTML
  Parameters: {"utf8"=>"✓", "authenticity_token"=>"Xd+TSNbiwB9HdWJ4A0KZy0wDnUIrC4TNVkZN6b8GANE/Wfq6iWmDLy6BOK9AXY8SukOI4nRJm6ROxr3sbj+psg=="}
  [1m[36mUser Load (0.4ms)[0m  [1m[34mSELECT  "users".* FROM "users" WHERE "users"."email" IS NULL LIMIT ?[0m  [["LIMIT", 1]]
  ↳ app/controllers/users_controller.rb:20
No template found for UsersController#sign_in, rendering head :no_content
Completed 204 No Content in 65ms (ActiveRecord: 0.4ms)


Started GET "/users/login" for 127.0.0.1 at 2019-03-10 23:03:03 +1100
Processing by UsersController#login as HTML
  Rendering users/login.html.erb
  Rendered users/login.html.erb (0.7ms)
Completed 200 OK in 14ms (Views: 9.5ms | ActiveRecord: 0.0ms)


Started POST "/users/login" for 127.0.0.1 at 2019-03-10 23:03:08 +1100
Processing by UsersController#sign_in as HTML
  Parameters: {"utf8"=>"✓", "authenticity_token"=>"4oPQUeYg33CHEuUNujgkeHJWYawSpqiz4Cjce5geiAGABbmjuaucQO7mv9r5JzKhhBZ0DE3kt9r4qCx+SSchYg==", "email"=>"dt@ga.co", "password"=>"[FILTERED]"}
  [1m[36mUser Load (0.5ms)[0m  [1m[34mSELECT  "users".* FROM "users" WHERE "users"."email" = ? LIMIT ?[0m  [["email", "dt@ga.co"], ["LIMIT", 1]]
  ↳ app/controllers/users_controller.rb:20
Redirected to http://localhost:3000/
Completed 302 Found in 98ms (ActiveRecord: 1.5ms)


Started GET "/" for 127.0.0.1 at 2019-03-10 23:03:08 +1100
Processing by HomeController#index as HTML
  Rendering home/index.html.erb
  Rendered home/index.html.erb (0.4ms)
Completed 200 OK in 10ms (Views: 5.8ms | ActiveRecord: 0.0ms)


Started GET "/" for 127.0.0.1 at 2019-03-10 23:10:25 +1100
Processing by HomeController#index as HTML
  Rendering home/index.html.erb
  Rendered home/index.html.erb (0.4ms)
Completed 200 OK in 9ms (Views: 6.5ms | ActiveRecord: 0.0ms)


Started GET "/users/login" for 127.0.0.1 at 2019-03-10 23:10:30 +1100
Processing by UsersController#login as HTML
  Rendering users/login.html.erb
  Rendered users/login.html.erb (2.3ms)
Completed 200 OK in 13ms (Views: 10.9ms | ActiveRecord: 0.0ms)


Started POST "/users/login" for 127.0.0.1 at 2019-03-10 23:10:34 +1100
Processing by UsersController#sign_in as HTML
  Parameters: {"utf8"=>"✓", "authenticity_token"=>"D8PHticAfRpeU/zQ5M3GXWBuSFbPcsr+Qkd46lr3jFltRa5EeIs+Kjenpgen0tCEli5d9pAw1Zdax4jvi84lOg==", "email"=>"dt@ga.co", "password"=>"[FILTERED]"}
  [1m[36mUser Load (0.5ms)[0m  [1m[34mSELECT  "users".* FROM "users" WHERE "users"."email" = ? LIMIT ?[0m  [["email", "dt@ga.co"], ["LIMIT", 1]]
  ↳ app/controllers/users_controller.rb:20
Redirected to http://localhost:3000/
Completed 302 Found in 77ms (ActiveRecord: 1.4ms)


Started GET "/" for 127.0.0.1 at 2019-03-10 23:10:34 +1100
Processing by HomeController#index as HTML
  Rendering home/index.html.erb
  Rendered home/index.html.erb (0.3ms)
Completed 200 OK in 9ms (Views: 6.3ms | ActiveRecord: 0.0ms)


Started GET "/users/login" for 127.0.0.1 at 2019-03-10 23:12:43 +1100
Processing by UsersController#login as HTML
  Rendering users/login.html.erb
  Rendered users/login.html.erb (1.4ms)
Completed 200 OK in 14ms (Views: 8.1ms | ActiveRecord: 0.0ms)


Started POST "/users/login" for 127.0.0.1 at 2019-03-10 23:12:47 +1100
Processing by UsersController#sign_in as HTML
  Parameters: {"utf8"=>"✓", "authenticity_token"=>"LIcaD/o85EXTBnODVGZaAYEyWbyrSWIkjiX8Ra4vzhROAXP9pbendbryKVQXeUzYd3JMHPQLfU2WpQxAfxZndw==", "email"=>"dt@ga.co", "password"=>"[FILTERED]"}
  [1m[36mUser Load (0.3ms)[0m  [1m[34mSELECT  "users".* FROM "users" WHERE "users"."email" = ? LIMIT ?[0m  [["email", "dt@ga.co"], ["LIMIT", 1]]
  ↳ app/controllers/users_controller.rb:28
Redirected to http://localhost:3000/
Completed 302 Found in 77ms (ActiveRecord: 2.7ms)


Started GET "/" for 127.0.0.1 at 2019-03-10 23:12:47 +1100
Processing by HomeController#index as HTML
  Rendering home/index.html.erb
  Rendered home/index.html.erb (0.3ms)
Completed 200 OK in 10ms (Views: 7.8ms | ActiveRecord: 0.0ms)


Started GET "/" for 127.0.0.1 at 2019-03-10 23:13:24 +1100
Processing by HomeController#index as HTML
  Rendering home/index.html.erb
  Rendered home/index.html.erb (229.6ms)
Completed 500 Internal Server Error in 236ms (ActiveRecord: 0.0ms)


  
ActionView::Template::Error (undefined local variable or method `current_user' for #<#<Class:0x00007fc2770ec018>:0x00007fc27854f640>
Did you mean?  current_page?):
    1: <h1>hello world</h1>
    2: <%= current_user.email%>
  
app/views/home/index.html.erb:2:in `_app_views_home_index_html_erb___84792237324393687_70236609618440'
Started GET "/" for 127.0.0.1 at 2019-03-10 23:14:39 +1100
Processing by HomeController#index as HTML
  Rendering home/index.html.erb
  [1m[36mUser Load (0.1ms)[0m  [1m[34mSELECT  "users".* FROM "users" WHERE "users"."id" = ? LIMIT ?[0m  [["id", 2], ["LIMIT", 1]]
  ↳ app/helpers/application_helper.rb:3
  Rendered home/index.html.erb (9.7ms)
Completed 200 OK in 16ms (Views: 13.1ms | ActiveRecord: 0.6ms)


